<?xml version="1.0" encoding="UTF-8"?>
<testsuite xmlns:xsi="http://www.w3.org/2001/XMLSchema-instance" xsi:noNamespaceSchemaLocation="https://maven.apache.org/surefire/maven-surefire-plugin/xsd/surefire-test-report-3.0.xsd" version="3.0" name="com.openclassrooms.tourguide.TourguideApplicationTests" time="3.383" tests="1" errors="0" skipped="0" failures="0">
  <properties>
[...]
</properties>
  <testcase name="contextLoads" classname="com.openclassrooms.tourguide.TourguideApplicationTests" time="0.768">
    <system-out><![CDATA[09:40:42.330 [main] INFO org.springframework.test.context.support.AnnotationConfigContextLoaderUtils -- Could not detect default configuration classes for test class [com.openclassrooms.tourguide.TourguideApplicationTests]: TourguideApplicationTests does not declare any static, non-private, non-final, nested classes annotated with @Configuration.
09:40:42.441 [main] INFO org.springframework.boot.test.context.SpringBootTestContextBootstrapper -- Found @SpringBootConfiguration com.openclassrooms.tourguide.TourguideApplication for test class com.openclassrooms.tourguide.TourguideApplicationTests

  .   ____          _            __ _ _
 /\\ / ___'_ __ _ _(_)_ __  __ _ \ \ \ \
( ( )\___ | '_ | '_| | '_ \/ _` | \ \ \ \
 \\/  ___)| |_)| | | | | || (_| |  ) ) ) )
  '  |____| .__|_| |_|_| |_\__, | / / / /
 =========|_|==============|___/=/_/_/_/
 :: Spring Boot ::                (v3.1.1)

2025-08-22T09:40:43.027+02:00  INFO 12588 --- [           main] c.o.tourguide.TourguideApplicationTests  : Starting TourguideApplicationTests using Java 17.0.15 with PID 12588 (started by nicol in C:\Users\nicol\OneDrive\Bureau\Formation Java\projet8\JavaPathENProject8\TourGuide)
2025-08-22T09:40:43.028+02:00 DEBUG 12588 --- [           main] c.o.tourguide.TourguideApplicationTests  : Running with Spring Boot v3.1.1, Spring v6.0.10
2025-08-22T09:40:43.028+02:00  INFO 12588 --- [           main] c.o.tourguide.TourguideApplicationTests  : No active profile set, falling back to 1 default profile: "default"
2025-08-22T09:40:44.022+02:00  INFO 12588 --- [           main] c.o.tourguide.service.TourGuideService   : TestMode enabled
2025-08-22T09:40:44.022+02:00 DEBUG 12588 --- [           main] c.o.tourguide.service.TourGuideService   : Initializing users
2025-08-22T09:40:44.022+02:00 DEBUG 12588 --- [           main] c.o.tourguide.service.TourGuideService   : Created 0 internal test users.
2025-08-22T09:40:44.022+02:00 DEBUG 12588 --- [           main] c.o.tourguide.service.TourGuideService   : Finished initializing users
2025-08-22T09:40:44.022+02:00 DEBUG 12588 --- [ool-14-thread-1] c.o.tourguide.tracker.Tracker            : Begin Tracker. Tracking 0 users.
2025-08-22T09:40:44.022+02:00 DEBUG 12588 --- [ool-14-thread-1] c.o.tourguide.tracker.Tracker            : Tracker Time Elapsed: 0 seconds.
2025-08-22T09:40:44.022+02:00 DEBUG 12588 --- [ool-14-thread-1] c.o.tourguide.tracker.Tracker            : Tracker sleeping
2025-08-22T09:40:44.680+02:00  INFO 12588 --- [           main] o.s.b.a.e.web.EndpointLinksResolver      : Exposing 1 endpoint(s) beneath base path '/actuator'
2025-08-22T09:40:44.742+02:00  INFO 12588 --- [           main] c.o.tourguide.TourguideApplicationTests  : Started TourguideApplicationTests in 2.108 seconds (process running for 70.725)
]]></system-out>
  </testcase>
</testsuite>