<?xml version="1.0" encoding="UTF-8"?>
<testsuite xmlns:xsi="http://www.w3.org/2001/XMLSchema-instance" xsi:noNamespaceSchemaLocation="https://maven.apache.org/surefire/maven-surefire-plugin/xsd/surefire-test-report-3.0.xsd" version="3.0" name="com.openclassrooms.tourguide.TestPerformance" time="101.836" tests="2" errors="0" skipped="0" failures="0">
  <properties>
[...]
</properties>
  <testcase name="highVolumeTrackLocation" classname="com.openclassrooms.tourguide.TestPerformance" time="100.123">
    <system-out><![CDATA[23:16:13.289 [main] INFO com.openclassrooms.tourguide.service.TourGuideService -- Tracking executor size: 512
23:16:13.292 [main] INFO com.openclassrooms.tourguide.service.TourGuideService -- TestMode enabled
highVolumeTrackLocation: Time Elapsed: 99 seconds.
]]></system-out>
  </testcase>
  <testcase name="highVolumeGetRewards" classname="com.openclassrooms.tourguide.TestPerformance" time="1.7">
    <system-out><![CDATA[23:17:53.287 [main] INFO com.openclassrooms.tourguide.service.TourGuideService -- Tracking executor size: 512
23:17:53.287 [main] INFO com.openclassrooms.tourguide.service.TourGuideService -- TestMode enabled
highVolumeGetRewards: Time Elapsed: 1 seconds.
]]></system-out>
  </testcase>
</testsuite>